<?xml version="1.0" encoding="UTF-8"?>
<!-- Generated by org.testng.reporters.JUnitXMLReporter -->
<testsuite ignored="0" hostname="CIPL1292QA" failures="1" tests="4" name="Surefire test" time="25.73" errors="0" timestamp="2023-02-07T17:40:53 IST">
  <testcase classname="io.cucumber.testng.AbstractTestNGCucumberTests" name="runScenario" time="19.746"/>
  <testcase classname="io.cucumber.testng.AbstractTestNGCucumberTests" name="runScenario" time="21.902"/>
  <testcase classname="io.cucumber.testng.AbstractTestNGCucumberTests" name="runScenario" time="22.037">
    <failure type="java.lang.AssertionError" message="expected [Beetroot] but found [No data]">
      <![CDATA[java.lang.AssertionError: expected [Beetroot] but found [No data]
at StepDefinition.TopDealsStepDefination.validate_product_name_in_top_deals_page_matches_with_landing_page(TopDealsStepDefination.java:68)
at ✽.Validate product name in top Deals page matches with Landing page(file:///E:/Kanmani-CIPL1292/eclipse-workspace/Dhana/Frameworkcucumber/src/test/java/features/Ecommerce.feature:15)
... Removed 6 stack frames]]>
    </failure>
  </testcase> <!-- runScenario -->
  <testcase classname="io.cucumber.testng.AbstractTestNGCucumberTests" name="runScenario" time="24.037"/>
</testsuite> <!-- Surefire test -->
