-------------------------------------------------------------------------------
Test set: TestSuite
-------------------------------------------------------------------------------
Tests run: 4, Failures: 1, Errors: 0, Skipped: 0, Time elapsed: 26.635 s <<< FAILURE! - in TestSuite
runScenario(Greenkartcucumberoptions.TestRunner)  Time elapsed: 22.045 s  <<< FAILURE!
java.lang.AssertionError: expected [Beetroot] but found [No data]

