<?xml version="1.0" encoding="UTF-8"?>
<testng-results ignored="0" total="4" passed="3" failed="1" skipped="0">
  <reporter-output>
  </reporter-output>
  <suite started-at="2023-02-07T17:40:27 IST" name="Surefire suite" finished-at="2023-02-07T17:40:53 IST" duration-ms="25730">
    <groups>
      <group name="cucumber">
        <method signature="AbstractTestNGCucumberTests.runScenario(io.cucumber.testng.PickleWrapper,io.cucumber.testng.FeatureWrapper)[pri:0, instance:Greenkartcucumberoptions.TestRunner@71238fc2]" name="runScenario" class="io.cucumber.testng.AbstractTestNGCucumberTests"/>
      </group> <!-- cucumber -->
    </groups>
    <test started-at="2023-02-07T17:40:27 IST" name="Surefire test" finished-at="2023-02-07T17:40:53 IST" duration-ms="25730">
      <class name="Greenkartcucumberoptions.TestRunner">
        <test-method is-config="true" signature="setUpClass(org.testng.ITestContext)[pri:0, instance:Greenkartcucumberoptions.TestRunner@71238fc2]" started-at="2023-02-07T17:40:27 IST" name="setUpClass" finished-at="2023-02-07T17:40:28 IST" duration-ms="1108" status="PASS">
          <params>
            <param index="0">
              <value>
                <![CDATA[org.testng.TestRunner@2d66530f]]>
              </value>
            </param>
          </params>
          <reporter-output>
          </reporter-output>
        </test-method> <!-- setUpClass -->
        <test-method signature="runScenario(io.cucumber.testng.PickleWrapper,io.cucumber.testng.FeatureWrapper)[pri:0, instance:Greenkartcucumberoptions.TestRunner@71238fc2]" started-at="2023-02-07T17:40:28 IST" name="runScenario" description="Runs Cucumber Scenarios" data-provider="scenarios" finished-at="2023-02-07T17:40:48 IST" duration-ms="19746" status="PASS">
          <params>
            <param index="0">
              <value>
                <![CDATA["Search Experience for product search in home and Top Deals Page"]]>
              </value>
            </param>
            <param index="1">
              <value>
                <![CDATA["place the order for products"]]>
              </value>
            </param>
          </params>
          <reporter-output>
          </reporter-output>
        </test-method> <!-- runScenario -->
        <test-method signature="runScenario(io.cucumber.testng.PickleWrapper,io.cucumber.testng.FeatureWrapper)[pri:0, instance:Greenkartcucumberoptions.TestRunner@71238fc2]" started-at="2023-02-07T17:40:28 IST" name="runScenario" description="Runs Cucumber Scenarios" data-provider="scenarios" finished-at="2023-02-07T17:40:52 IST" duration-ms="24037" status="PASS">
          <params>
            <param index="0">
              <value>
                <![CDATA["Search Experience for product search in home and Top Deals Page"]]>
              </value>
            </param>
            <param index="1">
              <value>
                <![CDATA["Search and place the order for products"]]>
              </value>
            </param>
          </params>
          <reporter-output>
          </reporter-output>
        </test-method> <!-- runScenario -->
        <test-method signature="runScenario(io.cucumber.testng.PickleWrapper,io.cucumber.testng.FeatureWrapper)[pri:0, instance:Greenkartcucumberoptions.TestRunner@71238fc2]" started-at="2023-02-07T17:40:28 IST" name="runScenario" description="Runs Cucumber Scenarios" data-provider="scenarios" finished-at="2023-02-07T17:40:50 IST" duration-ms="21902" status="PASS">
          <params>
            <param index="0">
              <value>
                <![CDATA["Search Experience for product search in home and Top Deals Page"]]>
              </value>
            </param>
            <param index="1">
              <value>
                <![CDATA["Search and place the order for products"]]>
              </value>
            </param>
          </params>
          <reporter-output>
          </reporter-output>
        </test-method> <!-- runScenario -->
        <test-method signature="runScenario(io.cucumber.testng.PickleWrapper,io.cucumber.testng.FeatureWrapper)[pri:0, instance:Greenkartcucumberoptions.TestRunner@71238fc2]" started-at="2023-02-07T17:40:28 IST" name="runScenario" description="Runs Cucumber Scenarios" data-provider="scenarios" finished-at="2023-02-07T17:40:50 IST" duration-ms="22037" status="FAIL">
          <params>
            <param index="0">
              <value>
                <![CDATA["Search Experience for product search in home and Top Deals Page"]]>
              </value>
            </param>
            <param index="1">
              <value>
                <![CDATA["Search and place the order for products"]]>
              </value>
            </param>
          </params>
          <exception class="java.lang.AssertionError">
            <message>
              <![CDATA[expected [Beetroot] but found [No data]]]>
            </message>
            <full-stacktrace>
              <![CDATA[java.lang.AssertionError: expected [Beetroot] but found [No data]
at org.testng.Assert.fail(Assert.java:110)
at org.testng.Assert.failNotEquals(Assert.java:1577)
at org.testng.Assert.assertEqualsImpl(Assert.java:149)
at org.testng.Assert.assertEquals(Assert.java:131)
at org.testng.Assert.assertEquals(Assert.java:655)
at org.testng.Assert.assertEquals(Assert.java:665)
at StepDefinition.TopDealsStepDefination.validate_product_name_in_top_deals_page_matches_with_landing_page(TopDealsStepDefination.java:68)
at âœ½.Validate product name in top Deals page matches with Landing page(file:///E:/Kanmani-CIPL1292/eclipse-workspace/Dhana/Frameworkcucumber/src/test/java/features/Ecommerce.feature:15)
]]>
            </full-stacktrace>
          </exception> <!-- java.lang.AssertionError -->
          <reporter-output>
          </reporter-output>
        </test-method> <!-- runScenario -->
        <test-method is-config="true" signature="tearDownClass()[pri:0, instance:Greenkartcucumberoptions.TestRunner@71238fc2]" started-at="2023-02-07T17:40:52 IST" name="tearDownClass" finished-at="2023-02-07T17:40:53 IST" duration-ms="473" status="PASS">
          <reporter-output>
          </reporter-output>
        </test-method> <!-- tearDownClass -->
      </class> <!-- Greenkartcucumberoptions.TestRunner -->
    </test> <!-- Surefire test -->
  </suite> <!-- Surefire suite -->
</testng-results>
