<?xml version="1.0" encoding="UTF-8"?>
<!-- Generated by org.testng.reporters.JUnitReportReporter -->
<testsuite hostname="CIPL1300QA" failures="1" tests="1" name="Greenkartcucumberoptions.failedTestRunner" time="6.644" errors="0" timestamp="2023-01-20T14:26:13 IST" skipped="0">
  <testcase classname="Greenkartcucumberoptions.failedTestRunner" name="runScenario" time="6.644">
    <failure message="expected [Beetroot] but found [No data]" type="java.lang.AssertionError">
      <![CDATA[java.lang.AssertionError: expected [Beetroot] but found [No data]
at org.testng.Assert.fail(Assert.java:110)
at org.testng.Assert.failNotEquals(Assert.java:1577)
at org.testng.Assert.assertEqualsImpl(Assert.java:149)
at org.testng.Assert.assertEquals(Assert.java:131)
at org.testng.Assert.assertEquals(Assert.java:655)
at org.testng.Assert.assertEquals(Assert.java:665)
at StepDefinition.TopDealsStepDefination.validate_product_name_in_top_deals_page_matches_with_landing_page(TopDealsStepDefination.java:68)
at ✽.Validate product name in top Deals page matches with Landing page(file:///D:/eclipse-workspace/Frameworkcucumber/src/test/java/features/Ecommerce.feature:15)
]]>
    </failure>
  </testcase> <!-- runScenario -->
  <system-out/>
</testsuite> <!-- Greenkartcucumberoptions.failedTestRunner -->
